<?xml version="1.0" encoding="UTF-8"?>
<coverage generated="1748301427858" clover="3.2.0">
  <project timestamp="1748301427858" name="All files">
    <metrics statements="23" coveredstatements="23" conditionals="7" coveredconditionals="7" methods="5" coveredmethods="5" elements="35" coveredelements="35" complexity="0" loc="23" ncloc="23" packages="2" files="2" classes="2"/>
    <package name="dist.webview">
      <metrics statements="1" coveredstatements="1" conditionals="4" coveredconditionals="4" methods="2" coveredmethods="2"/>
      <file name="webview.js" path="D:\Documents\Projects\joplin-plugins\focus-mode\dist\webview\webview.js">
        <metrics statements="1" coveredstatements="1" conditionals="4" coveredconditionals="4" methods="2" coveredmethods="2"/>
        <line num="1" count="4" type="cond" truecount="4" falsecount="0"/>
      </file>
    </package>
    <package name="src">
      <metrics statements="22" coveredstatements="22" conditionals="3" coveredconditionals="3" methods="3" coveredmethods="3"/>
      <file name="index.ts" path="D:\Documents\Projects\joplin-plugins\focus-mode\src\index.ts">
        <metrics statements="22" coveredstatements="22" conditionals="3" coveredconditionals="3" methods="3" coveredmethods="3"/>
        <line num="1" count="1" type="stmt"/>
        <line num="2" count="1" type="stmt"/>
        <line num="4" count="1" type="stmt"/>
        <line num="5" count="1" type="stmt"/>
        <line num="6" count="1" type="stmt"/>
        <line num="8" count="1" type="stmt"/>
        <line num="16" count="1" type="stmt"/>
        <line num="17" count="4" type="stmt"/>
        <line num="19" count="4" type="stmt"/>
        <line num="28" count="4" type="stmt"/>
        <line num="29" count="4" type="stmt"/>
        <line num="30" count="4" type="stmt"/>
        <line num="32" count="4" type="stmt"/>
        <line num="34" count="4" type="stmt"/>
        <line num="35" count="4" type="cond" truecount="1" falsecount="0"/>
        <line num="37" count="3" type="stmt"/>
        <line num="38" count="3" type="stmt"/>
        <line num="40" count="3" type="stmt"/>
        <line num="45" count="2" type="stmt"/>
        <line num="51" count="1" type="stmt"/>
        <line num="52" count="1" type="stmt"/>
        <line num="58" count="1" type="stmt"/>
      </file>
    </package>
  </project>
</coverage>
