{"D:\\Documents\\Projects\\joplin-plugins\\focus-mode\\dist\\webview\\webview.js": {"path":"D:\\Documents\\Projects\\joplin-plugins\\focus-mode\\dist\\webview\\webview.js","statementMap":{"0":{"start":{"line":1,"column":0},"end":{"line":1,"column":493}},"1":{"start":{"line":1,"column":14},"end":{"line":1,"column":24}},"2":{"start":{"line":1,"column":27},"end":{"line":1,"column":53}},"3":{"start":{"line":1,"column":54},"end":{"line":1,"column":488}},"4":{"start":{"line":1,"column":94},"end":{"line":1,"column":392}},"5":{"start":{"line":1,"column":187},"end":{"line":1,"column":320}},"6":{"start":{"line":1,"column":191},"end":{"line":1,"column":241}},"7":{"start":{"line":1,"column":251},"end":{"line":1,"column":319}},"8":{"start":{"line":1,"column":325},"end":{"line":1,"column":392}}},"fnMap":{"0":{"name":"(anonymous_0)","decl":{"start":{"line":1,"column":1},"end":{"line":1,"column":2}},"loc":{"start":{"line":1,"column":5},"end":{"line":1,"column":489}},"line":1},"1":{"name":"(anonymous_1)","decl":{"start":{"line":1,"column":84},"end":{"line":1,"column":85}},"loc":{"start":{"line":1,"column":93},"end":{"line":1,"column":393}},"line":1}},"branchMap":{"0":{"loc":{"start":{"line":1,"column":54},"end":{"line":1,"column":461}},"type":"cond-expr","locations":[{"start":{"line":1,"column":56},"end":{"line":1,"column":395}},{"start":{"line":1,"column":396},"end":{"line":1,"column":461}}],"line":1},"1":{"loc":{"start":{"line":1,"column":94},"end":{"line":1,"column":392}},"type":"if","locations":[{"start":{"line":1,"column":94},"end":{"line":1,"column":392}},{"start":{"line":1,"column":325},"end":{"line":1,"column":392}}],"line":1}},"s":{"0":4,"1":4,"2":4,"3":4,"4":3,"5":2,"6":2,"7":1,"8":1},"f":{"0":4,"1":3},"b":{"0":[3,1],"1":[2,1]},"inputSourceMap":null,"_coverageSchema":"1a1c01bbd47fc00a2c39e90264f33305004495a9","hash":"98aa7ec34656b861e59ee2c8d3419ad7a7113fb2"}
,"D:\\Documents\\Projects\\joplin-plugins\\focus-mode\\src\\index.ts": {"path":"D:\\Documents\\Projects\\joplin-plugins\\focus-mode\\src\\index.ts","statementMap":{"0":{"start":{"line":1,"column":0},"end":{"line":1,"column":25}},"1":{"start":{"line":2,"column":0},"end":{"line":2,"column":29}},"2":{"start":{"line":4,"column":17},"end":{"line":4,"column":33}},"3":{"start":{"line":5,"column":19},"end":{"line":5,"column":40}},"4":{"start":{"line":6,"column":20},"end":{"line":6,"column":42}},"5":{"start":{"line":8,"column":13},"end":{"line":10,"column":2}},"6":{"start":{"line":17,"column":18},"end":{"line":17,"column":60}},"7":{"start":{"line":19,"column":2},"end":{"line":26,"column":4}},"8":{"start":{"line":28,"column":2},"end":{"line":28,"column":59}},"9":{"start":{"line":29,"column":2},"end":{"line":29,"column":60}},"10":{"start":{"line":30,"column":2},"end":{"line":30,"column":48}},"11":{"start":{"line":32,"column":2},"end":{"line":55,"column":4}},"12":{"start":{"line":34,"column":42},"end":{"line":54,"column":null}},"13":{"start":{"line":35,"column":6},"end":{"line":35,"column":49}},"14":{"start":{"line":35,"column":42},"end":{"line":35,"column":49}},"15":{"start":{"line":37,"column":6},"end":{"line":53,"column":null}},"16":{"start":{"line":38,"column":8},"end":{"line":38,"column":49}},"17":{"start":{"line":40,"column":8},"end":{"line":43,"column":11}},"18":{"start":{"line":45,"column":8},"end":{"line":49,"column":10}},"19":{"start":{"line":51,"column":8},"end":{"line":51,"column":76}},"20":{"start":{"line":52,"column":8},"end":{"line":52,"column":49}},"21":{"start":{"line":16,"column":0},"end":{"line":16,"column":22}},"22":{"start":{"line":58,"column":0},"end":{"line":60,"column":3}}},"fnMap":{"0":{"name":"onStart","decl":{"start":{"line":16,"column":22},"end":{"line":16,"column":29}},"loc":{"start":{"line":16,"column":29},"end":{"line":56,"column":null}}},"1":{"name":"(anonymous_9)","decl":{"start":{"line":34,"column":4},"end":{"line":34,"column":11}},"loc":{"start":{"line":34,"column":42},"end":{"line":54,"column":null}}},"2":{"name":"(anonymous_10)","decl":{"start":{"line":34,"column":42},"end":{"line":34,"column":null}},"loc":{"start":{"line":34,"column":42},"end":{"line":54,"column":5}}}},"branchMap":{"0":{"loc":{"start":{"line":35,"column":6},"end":{"line":35,"column":49}},"type":"if","locations":[{"start":{"line":35,"column":6},"end":{"line":35,"column":49}}]},"1":{"loc":{"start":{"line":47,"column":12},"end":{"line":47,"column":null}},"type":"cond-expr","locations":[{"start":{"line":47,"column":33},"end":{"line":47,"column":43}},{"start":{"line":47,"column":46},"end":{"line":47,"column":null}}]}},"s":{"0":1,"1":1,"2":1,"3":1,"4":1,"5":1,"6":4,"7":4,"8":4,"9":4,"10":4,"11":4,"12":4,"13":4,"14":1,"15":3,"16":3,"17":3,"18":2,"19":1,"20":1,"21":1,"22":1},"f":{"0":4,"1":4,"2":4},"b":{"0":[1],"1":[1,1]}}
}
