TN:
SF:dist\webview\webview.js
FN:1,(anonymous_0)
FN:1,(anonymous_1)
FNF:2
FNH:2
FNDA:4,(anonymous_0)
FNDA:3,(anonymous_1)
DA:1,4
LF:1
LH:1
BRDA:1,0,0,3
BRDA:1,0,1,1
BRDA:1,1,0,2
BRDA:1,1,1,1
BRF:4
BRH:4
end_of_record
TN:
SF:src\index.ts
FN:16,onStart
FN:34,(anonymous_9)
FN:34,(anonymous_10)
FNF:3
FNH:3
FNDA:4,onStart
FNDA:4,(anonymous_9)
FNDA:4,(anonymous_10)
DA:1,1
DA:2,1
DA:4,1
DA:5,1
DA:6,1
DA:8,1
DA:16,1
DA:17,4
DA:19,4
DA:28,4
DA:29,4
DA:30,4
DA:32,4
DA:34,4
DA:35,4
DA:37,3
DA:38,3
DA:40,3
DA:45,2
DA:51,1
DA:52,1
DA:58,1
LF:22
LH:22
BRDA:35,0,0,1
BRDA:47,1,0,1
BRDA:47,1,1,1
BRF:3
BRH:3
end_of_record
