<?xml version="1.0" encoding="UTF-8"?>
<coverage generated="1748303038387" clover="3.2.0">
  <project timestamp="1748303038388" name="All files">
    <metrics statements="61" coveredstatements="60" conditionals="16" coveredconditionals="13" methods="8" coveredmethods="7" elements="85" coveredelements="80" complexity="0" loc="61" ncloc="61" packages="1" files="1" classes="1"/>
    <file name="index.ts" path="D:\Documents\Projects\joplin-plugins\note-stats\src\index.ts">
      <metrics statements="61" coveredstatements="60" conditionals="16" coveredconditionals="13" methods="8" coveredmethods="7"/>
      <line num="1" count="2" type="stmt"/>
      <line num="2" count="2" type="stmt"/>
      <line num="4" count="2" type="stmt"/>
      <line num="5" count="2" type="stmt"/>
      <line num="7" count="2" type="stmt"/>
      <line num="8" count="2" type="stmt"/>
      <line num="9" count="2" type="stmt"/>
      <line num="11" count="2" type="stmt"/>
      <line num="12" count="2" type="stmt"/>
      <line num="14" count="2" type="stmt"/>
      <line num="15" count="2" type="stmt"/>
      <line num="16" count="2" type="stmt"/>
      <line num="17" count="2" type="stmt"/>
      <line num="18" count="2" type="stmt"/>
      <line num="19" count="2" type="stmt"/>
      <line num="29" count="2" type="stmt"/>
      <line num="30" count="7" type="stmt"/>
      <line num="31" count="7" type="stmt"/>
      <line num="36" count="8" type="stmt"/>
      <line num="40" count="2" type="stmt"/>
      <line num="41" count="8" type="stmt"/>
      <line num="44" count="8" type="cond" truecount="1" falsecount="0"/>
      <line num="45" count="2" type="stmt"/>
      <line num="46" count="2" type="stmt"/>
      <line num="49" count="6" type="cond" truecount="1" falsecount="0"/>
      <line num="51" count="5" type="cond" truecount="3" falsecount="1"/>
      <line num="52" count="5" type="stmt"/>
      <line num="53" count="5" type="stmt"/>
      <line num="63" count="5" type="stmt"/>
      <line num="64" count="5" type="stmt"/>
      <line num="65" count="5" type="stmt"/>
      <line num="67" count="4" type="stmt"/>
      <line num="69" count="4" type="cond" truecount="1" falsecount="0"/>
      <line num="70" count="2" type="stmt"/>
      <line num="71" count="2" type="stmt"/>
      <line num="73" count="1" type="stmt"/>
      <line num="78" count="1" type="stmt"/>
      <line num="79" count="1" type="stmt"/>
      <line num="83" count="4" type="cond" truecount="2" falsecount="0"/>
      <line num="84" count="3" type="stmt"/>
      <line num="89" count="3" type="stmt"/>
      <line num="90" count="3" type="stmt"/>
      <line num="94" count="3" type="stmt"/>
      <line num="96" count="1" type="stmt"/>
      <line num="100" count="1" type="stmt"/>
      <line num="104" count="2" type="stmt"/>
      <line num="105" count="2" type="stmt"/>
      <line num="114" count="2" type="stmt"/>
      <line num="115" count="2" type="stmt"/>
      <line num="117" count="2" type="stmt"/>
      <line num="118" count="1" type="stmt"/>
      <line num="119" count="1" type="cond" truecount="2" falsecount="1"/>
      <line num="121" count="1" type="stmt"/>
      <line num="122" count="1" type="stmt"/>
      <line num="124" count="1" type="cond" truecount="0" falsecount="1"/>
      <line num="126" count="1" type="stmt"/>
      <line num="127" count="1" type="stmt"/>
      <line num="128" count="0" type="stmt"/>
      <line num="133" count="2" type="stmt"/>
      <line num="134" count="1" type="cond" truecount="1" falsecount="0"/>
      <line num="138" count="2" type="stmt"/>
    </file>
  </project>
</coverage>
