{"D:\\Documents\\Projects\\joplin-plugins\\note-stats\\src\\index.ts": {"path":"D:\\Documents\\Projects\\joplin-plugins\\note-stats\\src\\index.ts","statementMap":{"0":{"start":{"line":1,"column":0},"end":{"line":1,"column":25}},"1":{"start":{"line":2,"column":0},"end":{"line":2,"column":44}},"2":{"start":{"line":4,"column":18},"end":{"line":4,"column":29}},"3":{"start":{"line":5,"column":19},"end":{"line":5,"column":35}},"4":{"start":{"line":7,"column":28},"end":{"line":7,"column":42}},"5":{"start":{"line":8,"column":32},"end":{"line":8,"column":36}},"6":{"start":{"line":9,"column":30},"end":{"line":9,"column":63}},"7":{"start":{"line":11,"column":27},"end":{"line":11,"column":51}},"8":{"start":{"line":12,"column":27},"end":{"line":12,"column":42}},"9":{"start":{"line":14,"column":25},"end":{"line":14,"column":47}},"10":{"start":{"line":15,"column":20},"end":{"line":15,"column":59}},"11":{"start":{"line":16,"column":30},"end":{"line":16,"column":69}},"12":{"start":{"line":17,"column":25},"end":{"line":17,"column":45}},"13":{"start":{"line":18,"column":30},"end":{"line":18,"column":52}},"14":{"start":{"line":19,"column":27},"end":{"line":19,"column":49}},"15":{"start":{"line":30,"column":18},"end":{"line":30,"column":29}},"16":{"start":{"line":31,"column":2},"end":{"line":37,"column":4}},"17":{"start":{"line":36,"column":52},"end":{"line":36,"column":71}},"18":{"start":{"line":29,"column":0},"end":{"line":29,"column":16}},"19":{"start":{"line":41,"column":15},"end":{"line":43,"column":4}},"20":{"start":{"line":44,"column":2},"end":{"line":47,"column":null}},"21":{"start":{"line":45,"column":4},"end":{"line":45,"column":67}},"22":{"start":{"line":46,"column":4},"end":{"line":46,"column":11}},"23":{"start":{"line":49,"column":2},"end":{"line":49,"column":56}},"24":{"start":{"line":49,"column":49},"end":{"line":49,"column":56}},"25":{"start":{"line":51,"column":16},"end":{"line":51,"column":45}},"26":{"start":{"line":52,"column":20},"end":{"line":52,"column":47}},"27":{"start":{"line":53,"column":20},"end":{"line":61,"column":8}},"28":{"start":{"line":63,"column":19},"end":{"line":63,"column":70}},"29":{"start":{"line":64,"column":25},"end":{"line":64,"column":64}},"30":{"start":{"line":65,"column":18},"end":{"line":65,"column":70}},"31":{"start":{"line":67,"column":20},"end":{"line":67,"column":35}},"32":{"start":{"line":69,"column":2},"end":{"line":81,"column":null}},"33":{"start":{"line":70,"column":4},"end":{"line":80,"column":null}},"34":{"start":{"line":71,"column":6},"end":{"line":71,"column":72}},"35":{"start":{"line":73,"column":6},"end":{"line":77,"column":8}},"36":{"start":{"line":78,"column":6},"end":{"line":78,"column":29}},"37":{"start":{"line":79,"column":6},"end":{"line":79,"column":30}},"38":{"start":{"line":83,"column":2},"end":{"line":101,"column":null}},"39":{"start":{"line":84,"column":20},"end":{"line":88,"column":6}},"40":{"start":{"line":89,"column":4},"end":{"line":89,"column":33}},"41":{"start":{"line":90,"column":4},"end":{"line":93,"column":6}},"42":{"start":{"line":94,"column":4},"end":{"line":94,"column":73}},"43":{"start":{"line":96,"column":4},"end":{"line":99,"column":7}},"44":{"start":{"line":100,"column":4},"end":{"line":100,"column":79}},"45":{"start":{"line":40,"column":0},"end":{"line":40,"column":22}},"46":{"start":{"line":105,"column":2},"end":{"line":112,"column":5}},"47":{"start":{"line":114,"column":37},"end":{"line":114,"column":41}},"48":{"start":{"line":115,"column":46},"end":{"line":115,"column":50}},"49":{"start":{"line":117,"column":2},"end":{"line":131,"column":5}},"50":{"start":{"line":117,"column":58},"end":{"line":131,"column":4}},"51":{"start":{"line":118,"column":16},"end":{"line":118,"column":53}},"52":{"start":{"line":119,"column":4},"end":{"line":119,"column":49}},"53":{"start":{"line":119,"column":42},"end":{"line":119,"column":49}},"54":{"start":{"line":121,"column":4},"end":{"line":121,"column":59}},"55":{"start":{"line":122,"column":4},"end":{"line":122,"column":27}},"56":{"start":{"line":124,"column":4},"end":{"line":124,"column":54}},"57":{"start":{"line":124,"column":24},"end":{"line":124,"column":54}},"58":{"start":{"line":126,"column":4},"end":{"line":126,"column":40}},"59":{"start":{"line":127,"column":4},"end":{"line":130,"column":6}},"60":{"start":{"line":128,"column":12},"end":{"line":128,"column":41}},"61":{"start":{"line":133,"column":2},"end":{"line":135,"column":5}},"62":{"start":{"line":134,"column":4},"end":{"line":134,"column":54}},"63":{"start":{"line":134,"column":24},"end":{"line":134,"column":54}},"64":{"start":{"line":104,"column":0},"end":{"line":104,"column":22}},"65":{"start":{"line":138,"column":0},"end":{"line":138,"column":37}}},"fnMap":{"0":{"name":"computeStats","decl":{"start":{"line":29,"column":16},"end":{"line":29,"column":28}},"loc":{"start":{"line":29,"column":41},"end":{"line":38,"column":1}}},"1":{"name":"(anonymous_8)","decl":{"start":{"line":36,"column":45},"end":{"line":36,"column":46}},"loc":{"start":{"line":36,"column":52},"end":{"line":36,"column":71}}},"2":{"name":"updateStatsFor","decl":{"start":{"line":40,"column":22},"end":{"line":40,"column":36}},"loc":{"start":{"line":40,"column":51},"end":{"line":102,"column":null}}},"3":{"name":"onStart","decl":{"start":{"line":104,"column":22},"end":{"line":104,"column":29}},"loc":{"start":{"line":104,"column":29},"end":{"line":136,"column":null}}},"4":{"name":"(anonymous_13)","decl":{"start":{"line":117,"column":47},"end":{"line":117,"column":56}},"loc":{"start":{"line":117,"column":58},"end":{"line":131,"column":4}}},"5":{"name":"(anonymous_14)","decl":{"start":{"line":117,"column":58},"end":{"line":117,"column":null}},"loc":{"start":{"line":117,"column":58},"end":{"line":131,"column":3}}},"6":{"name":"(anonymous_15)","decl":{"start":{"line":128,"column":6},"end":{"line":128,"column":9}},"loc":{"start":{"line":128,"column":12},"end":{"line":128,"column":41}}},"7":{"name":"(anonymous_16)","decl":{"start":{"line":133,"column":21},"end":{"line":133,"column":24}},"loc":{"start":{"line":133,"column":26},"end":{"line":135,"column":3}}}},"branchMap":{"0":{"loc":{"start":{"line":32,"column":11},"end":{"line":32,"column":52}},"type":"cond-expr","locations":[{"start":{"line":32,"column":21},"end":{"line":32,"column":48}},{"start":{"line":32,"column":51},"end":{"line":32,"column":52}}]},"1":{"loc":{"start":{"line":44,"column":2},"end":{"line":47,"column":null}},"type":"if","locations":[{"start":{"line":44,"column":2},"end":{"line":47,"column":null}}]},"2":{"loc":{"start":{"line":49,"column":2},"end":{"line":49,"column":56}},"type":"if","locations":[{"start":{"line":49,"column":2},"end":{"line":49,"column":56}}]},"3":{"loc":{"start":{"line":51,"column":29},"end":{"line":51,"column":44}},"type":"cond-expr","locations":[{"start":{"line":51,"column":38},"end":{"line":51,"column":42}},{"start":{"line":51,"column":42},"end":{"line":51,"column":44}}]},"4":{"loc":{"start":{"line":51,"column":29},"end":{"line":51,"column":42}},"type":"binary-expr","locations":[{"start":{"line":51,"column":29},"end":{"line":51,"column":42}},{"start":{"line":51,"column":38},"end":{"line":51,"column":42}}]},"5":{"loc":{"start":{"line":69,"column":2},"end":{"line":81,"column":null}},"type":"if","locations":[{"start":{"line":69,"column":2},"end":{"line":81,"column":null}}]},"6":{"loc":{"start":{"line":83,"column":2},"end":{"line":101,"column":null}},"type":"if","locations":[{"start":{"line":83,"column":2},"end":{"line":101,"column":null}},{"start":{"line":95,"column":9},"end":{"line":101,"column":null}}]},"7":{"loc":{"start":{"line":119,"column":4},"end":{"line":119,"column":49}},"type":"if","locations":[{"start":{"line":119,"column":4},"end":{"line":119,"column":49}}]},"8":{"loc":{"start":{"line":119,"column":8},"end":{"line":119,"column":40}},"type":"binary-expr","locations":[{"start":{"line":119,"column":8},"end":{"line":119,"column":12}},{"start":{"line":119,"column":16},"end":{"line":119,"column":40}}]},"9":{"loc":{"start":{"line":124,"column":4},"end":{"line":124,"column":54}},"type":"if","locations":[{"start":{"line":124,"column":4},"end":{"line":124,"column":54}}]},"10":{"loc":{"start":{"line":134,"column":4},"end":{"line":134,"column":54}},"type":"if","locations":[{"start":{"line":134,"column":4},"end":{"line":134,"column":54}}]}},"s":{"0":2,"1":2,"2":2,"3":2,"4":2,"5":2,"6":2,"7":2,"8":2,"9":2,"10":2,"11":2,"12":2,"13":2,"14":2,"15":7,"16":7,"17":8,"18":2,"19":8,"20":8,"21":2,"22":2,"23":6,"24":1,"25":5,"26":5,"27":5,"28":5,"29":5,"30":5,"31":4,"32":4,"33":2,"34":2,"35":1,"36":1,"37":1,"38":4,"39":3,"40":3,"41":3,"42":3,"43":1,"44":1,"45":2,"46":2,"47":2,"48":2,"49":2,"50":1,"51":1,"52":1,"53":0,"54":1,"55":1,"56":1,"57":0,"58":1,"59":1,"60":0,"61":2,"62":1,"63":1,"64":2,"65":2},"f":{"0":7,"1":8,"2":8,"3":2,"4":1,"5":1,"6":0,"7":1},"b":{"0":[5,2],"1":[2],"2":[1],"3":[5,0],"4":[5,5],"5":[2],"6":[3,1],"7":[0],"8":[1,1],"9":[0],"10":[1]}}
}
