TN:
SF:src\index.ts
FN:29,computeStats
FN:36,(anonymous_8)
FN:40,updateStatsFor
FN:104,onStart
FN:117,(anonymous_13)
FN:117,(anonymous_14)
FN:128,(anonymous_15)
FN:133,(anonymous_16)
FNF:8
FNH:7
FNDA:7,computeStats
FNDA:8,(anonymous_8)
FNDA:8,updateStatsFor
FNDA:2,onStart
FNDA:1,(anonymous_13)
FNDA:1,(anonymous_14)
FNDA:0,(anonymous_15)
FNDA:1,(anonymous_16)
DA:1,2
DA:2,2
DA:4,2
DA:5,2
DA:7,2
DA:8,2
DA:9,2
DA:11,2
DA:12,2
DA:14,2
DA:15,2
DA:16,2
DA:17,2
DA:18,2
DA:19,2
DA:29,2
DA:30,7
DA:31,7
DA:36,8
DA:40,2
DA:41,8
DA:44,8
DA:45,2
DA:46,2
DA:49,6
DA:51,5
DA:52,5
DA:53,5
DA:63,5
DA:64,5
DA:65,5
DA:67,4
DA:69,4
DA:70,2
DA:71,2
DA:73,1
DA:78,1
DA:79,1
DA:83,4
DA:84,3
DA:89,3
DA:90,3
DA:94,3
DA:96,1
DA:100,1
DA:104,2
DA:105,2
DA:114,2
DA:115,2
DA:117,2
DA:118,1
DA:119,1
DA:121,1
DA:122,1
DA:124,1
DA:126,1
DA:127,1
DA:128,0
DA:133,2
DA:134,1
DA:138,2
LF:61
LH:60
BRDA:32,0,0,5
BRDA:32,0,1,2
BRDA:44,1,0,2
BRDA:49,2,0,1
BRDA:51,3,0,5
BRDA:51,3,1,0
BRDA:51,4,0,5
BRDA:51,4,1,5
BRDA:69,5,0,2
BRDA:83,6,0,3
BRDA:83,6,1,1
BRDA:119,7,0,0
BRDA:119,8,0,1
BRDA:119,8,1,1
BRDA:124,9,0,0
BRDA:134,10,0,1
BRF:16
BRH:13
end_of_record
