{
  "D:\\Documents\\Projects\\joplin-plugins\\dynamic-template-creator\\dist\\webview\\webview.js": {
    "path": "D:\\Documents\\Projects\\joplin-plugins\\dynamic-template-creator\\dist\\webview\\webview.js",
    "statementMap": {
      "0": {
        "start": { "line": 1, "column": 0 },
        "end": { "line": 1, "column": 571 }
      },
      "1": {
        "start": { "line": 1, "column": 14 },
        "end": { "line": 1, "column": 32 }
      },
      "2": {
        "start": { "line": 1, "column": 35 },
        "end": { "line": 1, "column": 49 }
      },
      "3": {
        "start": { "line": 1, "column": 52 },
        "end": { "line": 1, "column": 78 }
      },
      "4": {
        "start": { "line": 1, "column": 79 },
        "end": { "line": 1, "column": 566 }
      },
      "5": {
        "start": { "line": 1, "column": 119 },
        "end": { "line": 1, "column": 468 }
      },
      "6": {
        "start": { "line": 1, "column": 208 },
        "end": { "line": 1, "column": 416 }
      },
      "7": {
        "start": { "line": 1, "column": 220 },
        "end": { "line": 1, "column": 263 }
      },
      "8": {
        "start": { "line": 1, "column": 264 },
        "end": { "line": 1, "column": 337 }
      },
      "9": {
        "start": { "line": 1, "column": 347 },
        "end": { "line": 1, "column": 415 }
      },
      "10": {
        "start": { "line": 1, "column": 421 },
        "end": { "line": 1, "column": 468 }
      }
    },
    "fnMap": {
      "0": {
        "name": "(anonymous_0)",
        "decl": {
          "start": { "line": 1, "column": 1 },
          "end": { "line": 1, "column": 2 }
        },
        "loc": {
          "start": { "line": 1, "column": 5 },
          "end": { "line": 1, "column": 567 }
        },
        "line": 1
      },
      "1": {
        "name": "(anonymous_1)",
        "decl": {
          "start": { "line": 1, "column": 109 },
          "end": { "line": 1, "column": 110 }
        },
        "loc": {
          "start": { "line": 1, "column": 118 },
          "end": { "line": 1, "column": 469 }
        },
        "line": 1
      }
    },
    "branchMap": {
      "0": {
        "loc": {
          "start": { "line": 1, "column": 79 },
          "end": { "line": 1, "column": 539 }
        },
        "type": "cond-expr",
        "locations": [
          {
            "start": { "line": 1, "column": 81 },
            "end": { "line": 1, "column": 471 }
          },
          {
            "start": { "line": 1, "column": 472 },
            "end": { "line": 1, "column": 539 }
          }
        ],
        "line": 1
      },
      "1": {
        "loc": {
          "start": { "line": 1, "column": 119 },
          "end": { "line": 1, "column": 468 }
        },
        "type": "if",
        "locations": [
          {
            "start": { "line": 1, "column": 119 },
            "end": { "line": 1, "column": 468 }
          },
          {
            "start": { "line": 1, "column": 421 },
            "end": { "line": 1, "column": 468 }
          }
        ],
        "line": 1
      }
    },
    "s": {
      "0": 5,
      "1": 5,
      "2": 5,
      "3": 5,
      "4": 5,
      "5": 4,
      "6": 3,
      "7": 3,
      "8": 3,
      "9": 1,
      "10": 1
    },
    "f": { "0": 5, "1": 4 },
    "b": { "0": [4, 1], "1": [3, 1] },
    "inputSourceMap": null,
    "_coverageSchema": "1a1c01bbd47fc00a2c39e90264f33305004495a9",
    "hash": "68da76346726e39393c03d054848b66dc595a969"
  },
  "D:\\Documents\\Projects\\joplin-plugins\\dynamic-template-creator\\src\\index.ts": {
    "path": "D:\\Documents\\Projects\\joplin-plugins\\dynamic-template-creator\\src\\index.ts",
    "statementMap": {
      "0": {
        "start": { "line": 1, "column": 0 },
        "end": { "line": 1, "column": 25 }
      },
      "1": {
        "start": { "line": 2, "column": 0 },
        "end": { "line": 2, "column": 25 }
      },
      "2": {
        "start": { "line": 3, "column": 0 },
        "end": { "line": 3, "column": 29 }
      },
      "3": {
        "start": { "line": 5, "column": 17 },
        "end": { "line": 5, "column": 32 }
      },
      "4": {
        "start": { "line": 6, "column": 19 },
        "end": { "line": 6, "column": 40 }
      },
      "5": {
        "start": { "line": 7, "column": 20 },
        "end": { "line": 7, "column": 42 }
      },
      "6": {
        "start": { "line": 8, "column": 30 },
        "end": { "line": 8, "column": 50 }
      },
      "7": {
        "start": { "line": 9, "column": 25 },
        "end": { "line": 9, "column": 39 }
      },
      "8": {
        "start": { "line": 11, "column": 22 },
        "end": { "line": 11, "column": 34 }
      },
      "9": {
        "start": { "line": 12, "column": 17 },
        "end": { "line": 12, "column": 34 }
      },
      "10": {
        "start": { "line": 14, "column": 25 },
        "end": { "line": 25, "column": 32 }
      },
      "11": {
        "start": { "line": 33, "column": 18 },
        "end": { "line": 33, "column": 60 }
      },
      "12": {
        "start": { "line": 35, "column": 2 },
        "end": { "line": 42, "column": 4 }
      },
      "13": {
        "start": { "line": 43, "column": 2 },
        "end": { "line": 43, "column": 59 }
      },
      "14": {
        "start": { "line": 44, "column": 2 },
        "end": { "line": 44, "column": 60 }
      },
      "15": {
        "start": { "line": 45, "column": 2 },
        "end": { "line": 45, "column": 48 }
      },
      "16": {
        "start": { "line": 47, "column": 2 },
        "end": { "line": 85, "column": 4 }
      },
      "17": {
        "start": { "line": 49, "column": 39 },
        "end": { "line": 84, "column": null }
      },
      "18": {
        "start": { "line": 50, "column": 6 },
        "end": { "line": 50, "column": 51 }
      },
      "19": {
        "start": { "line": 50, "column": 44 },
        "end": { "line": 50, "column": 51 }
      },
      "20": {
        "start": { "line": 52, "column": 6 },
        "end": { "line": 83, "column": null }
      },
      "21": {
        "start": { "line": 53, "column": 20 },
        "end": { "line": 53, "column": 30 }
      },
      "22": {
        "start": { "line": 54, "column": 23 },
        "end": { "line": 54, "column": 62 }
      },
      "23": {
        "start": { "line": 56, "column": 25 },
        "end": { "line": 58, "column": null }
      },
      "24": {
        "start": { "line": 61, "column": 21 },
        "end": { "line": 71, "column": null }
      },
      "25": {
        "start": { "line": 74, "column": 8 },
        "end": { "line": 78, "column": 11 }
      },
      "26": {
        "start": { "line": 80, "column": 8 },
        "end": { "line": 80, "column": 74 }
      },
      "27": {
        "start": { "line": 82, "column": 8 },
        "end": { "line": 82, "column": 78 }
      },
      "28": {
        "start": { "line": 32, "column": 0 },
        "end": { "line": 32, "column": 22 }
      },
      "29": {
        "start": { "line": 88, "column": 0 },
        "end": { "line": 90, "column": 3 }
      }
    },
    "fnMap": {
      "0": {
        "name": "onStart",
        "decl": {
          "start": { "line": 32, "column": 22 },
          "end": { "line": 32, "column": 29 }
        },
        "loc": {
          "start": { "line": 32, "column": 29 },
          "end": { "line": 86, "column": null }
        }
      },
      "1": {
        "name": "(anonymous_9)",
        "decl": {
          "start": { "line": 49, "column": 4 },
          "end": { "line": 49, "column": 11 }
        },
        "loc": {
          "start": { "line": 49, "column": 39 },
          "end": { "line": 84, "column": null }
        }
      },
      "2": {
        "name": "(anonymous_10)",
        "decl": {
          "start": { "line": 49, "column": 39 },
          "end": { "line": 49, "column": null }
        },
        "loc": {
          "start": { "line": 49, "column": 39 },
          "end": { "line": 84, "column": 5 }
        }
      }
    },
    "branchMap": {
      "0": {
        "loc": {
          "start": { "line": 50, "column": 6 },
          "end": { "line": 50, "column": 51 }
        },
        "type": "if",
        "locations": [
          {
            "start": { "line": 50, "column": 6 },
            "end": { "line": 50, "column": 51 }
          }
        ]
      },
      "1": {
        "loc": {
          "start": { "line": 71, "column": 12 },
          "end": { "line": 71, "column": 65 }
        },
        "type": "binary-expr",
        "locations": [
          {
            "start": { "line": 71, "column": 12 },
            "end": { "line": 71, "column": 28 }
          },
          {
            "start": { "line": 71, "column": 32 },
            "end": { "line": 71, "column": 52 }
          },
          {
            "start": { "line": 71, "column": 56 },
            "end": { "line": 71, "column": 65 }
          }
        ]
      }
    },
    "s": {
      "0": 2,
      "1": 2,
      "2": 2,
      "3": 2,
      "4": 2,
      "5": 2,
      "6": 2,
      "7": 2,
      "8": 2,
      "9": 2,
      "10": 2,
      "11": 7,
      "12": 7,
      "13": 7,
      "14": 7,
      "15": 7,
      "16": 7,
      "17": 5,
      "18": 5,
      "19": 1,
      "20": 4,
      "21": 4,
      "22": 4,
      "23": 4,
      "24": 4,
      "25": 4,
      "26": 3,
      "27": 1,
      "28": 2,
      "29": 2
    },
    "f": { "0": 7, "1": 5, "2": 5 },
    "b": { "0": [1], "1": [4, 3, 1] }
  }
}
