TN:
SF:dist\webview\webview.js
FN:1,(anonymous_0)
FN:1,(anonymous_1)
FNF:2
FNH:2
FNDA:5,(anonymous_0)
FNDA:4,(anonymous_1)
DA:1,5
LF:1
LH:1
BRDA:1,0,0,4
BRDA:1,0,1,1
BRDA:1,1,0,3
BRDA:1,1,1,1
BRF:4
BRH:4
end_of_record
TN:
SF:src\index.ts
FN:32,onStart
FN:49,(anonymous_9)
FN:49,(anonymous_10)
FNF:3
FNH:3
FNDA:7,onStart
FNDA:5,(anonymous_9)
FNDA:5,(anonymous_10)
DA:1,2
DA:2,2
DA:3,2
DA:5,2
DA:6,2
DA:7,2
DA:8,2
DA:9,2
DA:11,2
DA:12,2
DA:14,2
DA:32,2
DA:33,7
DA:35,7
DA:43,7
DA:44,7
DA:45,7
DA:47,7
DA:49,5
DA:50,5
DA:52,4
DA:53,4
DA:54,4
DA:56,4
DA:61,4
DA:74,4
DA:80,3
DA:82,1
DA:88,2
LF:29
LH:29
BRDA:50,0,0,1
BRDA:71,1,0,4
BRDA:71,1,1,3
BRDA:71,1,2,1
BRF:4
BRH:4
end_of_record
