<?xml version="1.0" encoding="UTF-8"?>
<coverage generated="1748303735717" clover="3.2.0">
  <project timestamp="1748303735717" name="All files">
    <metrics statements="59" coveredstatements="59" conditionals="6" coveredconditionals="6" methods="16" coveredmethods="16" elements="81" coveredelements="81" complexity="0" loc="59" ncloc="59" packages="2" files="3" classes="3"/>
    <package name="src">
      <metrics statements="27" coveredstatements="27" conditionals="2" coveredconditionals="2" methods="4" coveredmethods="4"/>
      <file name="index.ts" path="D:\Documents\Projects\joplin-plugins\tag-autocomplete\src\index.ts">
        <metrics statements="27" coveredstatements="27" conditionals="2" coveredconditionals="2" methods="4" coveredmethods="4"/>
        <line num="1" count="1" type="stmt"/>
        <line num="2" count="1" type="stmt"/>
        <line num="4" count="1" type="stmt"/>
        <line num="5" count="1" type="stmt"/>
        <line num="6" count="1" type="stmt"/>
        <line num="8" count="1" type="stmt"/>
        <line num="34" count="1" type="stmt"/>
        <line num="35" count="4" type="stmt"/>
        <line num="37" count="4" type="stmt"/>
        <line num="38" count="4" type="stmt"/>
        <line num="40" count="4" type="stmt"/>
        <line num="41" count="4" type="stmt"/>
        <line num="42" count="4" type="stmt"/>
        <line num="45" count="4" type="stmt"/>
        <line num="46" count="4" type="cond" truecount="1" falsecount="0"/>
        <line num="49" count="4" type="stmt"/>
        <line num="50" count="4" type="stmt"/>
        <line num="53" count="1" type="stmt"/>
        <line num="54" count="4" type="stmt"/>
        <line num="55" count="8" type="stmt"/>
        <line num="56" count="8" type="stmt"/>
        <line num="59" count="4" type="stmt"/>
        <line num="60" count="8" type="stmt"/>
        <line num="62" count="2" type="stmt"/>
        <line num="63" count="2" type="cond" truecount="1" falsecount="0"/>
        <line num="64" count="1" type="stmt"/>
        <line num="71" count="1" type="stmt"/>
      </file>
    </package>
    <package name="src.content-scripts">
      <metrics statements="32" coveredstatements="32" conditionals="4" coveredconditionals="4" methods="12" coveredmethods="12"/>
      <file name="tag-suggestions-cm5.ts" path="D:\Documents\Projects\joplin-plugins\tag-autocomplete\src\content-scripts\tag-suggestions-cm5.ts">
        <metrics statements="16" coveredstatements="16" conditionals="2" coveredconditionals="2" methods="6" coveredmethods="6"/>
        <line num="1" count="1" type="stmt"/>
        <line num="3" count="1" type="stmt"/>
        <line num="12" count="1" type="stmt"/>
        <line num="14" count="5" type="stmt"/>
        <line num="16" count="5" type="cond" truecount="1" falsecount="0"/>
        <line num="18" count="4" type="stmt"/>
        <line num="21" count="2" type="stmt"/>
        <line num="22" count="2" type="stmt"/>
        <line num="23" count="2" type="cond" truecount="1" falsecount="0"/>
        <line num="25" count="1" type="stmt"/>
        <line num="26" count="1" type="stmt"/>
        <line num="27" count="1" type="stmt"/>
        <line num="29" count="1" type="stmt"/>
        <line num="30" count="3" type="stmt"/>
        <line num="31" count="2" type="stmt"/>
        <line num="33" count="1" type="stmt"/>
      </file>
      <file name="tag-suggestions-cm6.ts" path="D:\Documents\Projects\joplin-plugins\tag-autocomplete\src\content-scripts\tag-suggestions-cm6.ts">
        <metrics statements="16" coveredstatements="16" conditionals="2" coveredconditionals="2" methods="6" coveredmethods="6"/>
        <line num="1" count="1" type="stmt"/>
        <line num="3" count="1" type="stmt"/>
        <line num="12" count="1" type="stmt"/>
        <line num="14" count="5" type="stmt"/>
        <line num="16" count="5" type="cond" truecount="1" falsecount="0"/>
        <line num="18" count="4" type="stmt"/>
        <line num="21" count="2" type="stmt"/>
        <line num="22" count="2" type="stmt"/>
        <line num="23" count="2" type="cond" truecount="1" falsecount="0"/>
        <line num="25" count="1" type="stmt"/>
        <line num="26" count="1" type="stmt"/>
        <line num="27" count="1" type="stmt"/>
        <line num="29" count="1" type="stmt"/>
        <line num="30" count="3" type="stmt"/>
        <line num="31" count="2" type="stmt"/>
        <line num="33" count="1" type="stmt"/>
      </file>
    </package>
  </project>
</coverage>
