{"D:\\Documents\\Projects\\joplin-plugins\\tag-autocomplete\\src\\index.ts": {"path":"D:\\Documents\\Projects\\joplin-plugins\\tag-autocomplete\\src\\index.ts","statementMap":{"0":{"start":{"line":1,"column":0},"end":{"line":1,"column":25}},"1":{"start":{"line":2,"column":0},"end":{"line":2,"column":46}},"2":{"start":{"line":4,"column":13},"end":{"line":4,"column":42}},"3":{"start":{"line":5,"column":13},"end":{"line":5,"column":43}},"4":{"start":{"line":6,"column":13},"end":{"line":6,"column":47}},"5":{"start":{"line":8,"column":13},"end":{"line":23,"column":2}},"6":{"start":{"line":35,"column":2},"end":{"line":35,"column":56}},"7":{"start":{"line":37,"column":17},"end":{"line":37,"column":77}},"8":{"start":{"line":38,"column":15},"end":{"line":38,"column":36}},"9":{"start":{"line":40,"column":27},"end":{"line":40,"column":29}},"10":{"start":{"line":41,"column":2},"end":{"line":47,"column":null}},"11":{"start":{"line":42,"column":18},"end":{"line":44,"column":6}},"12":{"start":{"line":45,"column":23},"end":{"line":45,"column":42}},"13":{"start":{"line":46,"column":4},"end":{"line":46,"column":60}},"14":{"start":{"line":46,"column":37},"end":{"line":46,"column":60}},"15":{"start":{"line":49,"column":2},"end":{"line":49,"column":53}},"16":{"start":{"line":50,"column":2},"end":{"line":50,"column":16}},"17":{"start":{"line":34,"column":0},"end":{"line":34,"column":22}},"18":{"start":{"line":54,"column":2},"end":{"line":57,"column":null}},"19":{"start":{"line":55,"column":4},"end":{"line":55,"column":66}},"20":{"start":{"line":56,"column":4},"end":{"line":56,"column":68}},"21":{"start":{"line":59,"column":2},"end":{"line":68,"column":null}},"22":{"start":{"line":60,"column":4},"end":{"line":67,"column":6}},"23":{"start":{"line":62,"column":45},"end":{"line":66,"column":null}},"24":{"start":{"line":63,"column":8},"end":{"line":65,"column":null}},"25":{"start":{"line":64,"column":10},"end":{"line":64,"column":46}},"26":{"start":{"line":53,"column":0},"end":{"line":53,"column":22}},"27":{"start":{"line":71,"column":0},"end":{"line":71,"column":37}}},"fnMap":{"0":{"name":"fetchActiveTagTitles","decl":{"start":{"line":34,"column":22},"end":{"line":34,"column":42}},"loc":{"start":{"line":34,"column":42},"end":{"line":51,"column":null}}},"1":{"name":"onStart","decl":{"start":{"line":53,"column":22},"end":{"line":53,"column":29}},"loc":{"start":{"line":53,"column":29},"end":{"line":69,"column":null}}},"2":{"name":"(anonymous_11)","decl":{"start":{"line":62,"column":6},"end":{"line":62,"column":13}},"loc":{"start":{"line":62,"column":45},"end":{"line":66,"column":null}}},"3":{"name":"(anonymous_12)","decl":{"start":{"line":62,"column":45},"end":{"line":62,"column":null}},"loc":{"start":{"line":62,"column":45},"end":{"line":66,"column":7}}}},"branchMap":{"0":{"loc":{"start":{"line":46,"column":4},"end":{"line":46,"column":60}},"type":"if","locations":[{"start":{"line":46,"column":4},"end":{"line":46,"column":60}}]},"1":{"loc":{"start":{"line":63,"column":8},"end":{"line":65,"column":null}},"type":"if","locations":[{"start":{"line":63,"column":8},"end":{"line":65,"column":null}}]}},"s":{"0":1,"1":1,"2":1,"3":1,"4":1,"5":1,"6":4,"7":4,"8":4,"9":4,"10":4,"11":4,"12":4,"13":4,"14":2,"15":4,"16":4,"17":1,"18":4,"19":8,"20":8,"21":4,"22":8,"23":2,"24":2,"25":1,"26":1,"27":1},"f":{"0":4,"1":4,"2":2,"3":2},"b":{"0":[2],"1":[1]}}
,"D:\\Documents\\Projects\\joplin-plugins\\tag-autocomplete\\src\\content-scripts\\tag-suggestions-cm5.ts": {"path":"D:\\Documents\\Projects\\joplin-plugins\\tag-autocomplete\\src\\content-scripts\\tag-suggestions-cm5.ts","statementMap":{"0":{"start":{"line":1,"column":0},"end":{"line":1,"column":77}},"1":{"start":{"line":3,"column":21},"end":{"line":3,"column":39}},"2":{"start":{"line":12,"column":0},"end":{"line":39,"column":3}},"3":{"start":{"line":14,"column":7},"end":{"line":39,"column":2}},"4":{"start":{"line":16,"column":4},"end":{"line":16,"column":31}},"5":{"start":{"line":16,"column":24},"end":{"line":16,"column":31}},"6":{"start":{"line":18,"column":4},"end":{"line":37,"column":6}},"7":{"start":{"line":21,"column":43},"end":{"line":34,"column":null}},"8":{"start":{"line":22,"column":22},"end":{"line":22,"column":49}},"9":{"start":{"line":23,"column":12},"end":{"line":23,"column":32}},"10":{"start":{"line":23,"column":20},"end":{"line":23,"column":32}},"11":{"start":{"line":25,"column":25},"end":{"line":25,"column":64}},"12":{"start":{"line":26,"column":25},"end":{"line":26,"column":35}},"13":{"start":{"line":27,"column":26},"end":{"line":27,"column":55}},"14":{"start":{"line":29,"column":48},"end":{"line":31,"column":54}},"15":{"start":{"line":30,"column":29},"end":{"line":30,"column":62}},"16":{"start":{"line":31,"column":27},"end":{"line":31,"column":52}},"17":{"start":{"line":33,"column":12},"end":{"line":33,"column":37}}},"fnMap":{"0":{"name":"(anonymous_7)","decl":{"start":{"line":12,"column":15},"end":{"line":12,"column":16}},"loc":{"start":{"line":14,"column":7},"end":{"line":39,"column":2}}},"1":{"name":"(anonymous_8)","decl":{"start":{"line":15,"column":10},"end":{"line":15,"column":11}},"loc":{"start":{"line":15,"column":36},"end":{"line":38,"column":3}}},"2":{"name":"(anonymous_9)","decl":{"start":{"line":21,"column":10},"end":{"line":21,"column":17}},"loc":{"start":{"line":21,"column":43},"end":{"line":34,"column":null}}},"3":{"name":"(anonymous_10)","decl":{"start":{"line":21,"column":43},"end":{"line":21,"column":null}},"loc":{"start":{"line":21,"column":43},"end":{"line":34,"column":11}}},"4":{"name":"(anonymous_11)","decl":{"start":{"line":30,"column":22},"end":{"line":30,"column":23}},"loc":{"start":{"line":30,"column":29},"end":{"line":30,"column":62}}},"5":{"name":"(anonymous_12)","decl":{"start":{"line":31,"column":19},"end":{"line":31,"column":20}},"loc":{"start":{"line":31,"column":27},"end":{"line":31,"column":52}}}},"branchMap":{"0":{"loc":{"start":{"line":16,"column":4},"end":{"line":16,"column":31}},"type":"if","locations":[{"start":{"line":16,"column":4},"end":{"line":16,"column":31}}]},"1":{"loc":{"start":{"line":23,"column":12},"end":{"line":23,"column":32}},"type":"if","locations":[{"start":{"line":23,"column":12},"end":{"line":23,"column":32}}]}},"s":{"0":1,"1":1,"2":1,"3":5,"4":5,"5":1,"6":4,"7":2,"8":2,"9":2,"10":1,"11":1,"12":1,"13":1,"14":1,"15":3,"16":2,"17":1},"f":{"0":5,"1":5,"2":2,"3":2,"4":3,"5":2},"b":{"0":[1],"1":[1]}}
,"D:\\Documents\\Projects\\joplin-plugins\\tag-autocomplete\\src\\content-scripts\\tag-suggestions-cm6.ts": {"path":"D:\\Documents\\Projects\\joplin-plugins\\tag-autocomplete\\src\\content-scripts\\tag-suggestions-cm6.ts","statementMap":{"0":{"start":{"line":1,"column":0},"end":{"line":1,"column":77}},"1":{"start":{"line":3,"column":21},"end":{"line":3,"column":39}},"2":{"start":{"line":12,"column":0},"end":{"line":39,"column":3}},"3":{"start":{"line":14,"column":7},"end":{"line":39,"column":2}},"4":{"start":{"line":16,"column":4},"end":{"line":16,"column":31}},"5":{"start":{"line":16,"column":24},"end":{"line":16,"column":31}},"6":{"start":{"line":18,"column":4},"end":{"line":37,"column":6}},"7":{"start":{"line":21,"column":43},"end":{"line":34,"column":null}},"8":{"start":{"line":22,"column":22},"end":{"line":22,"column":49}},"9":{"start":{"line":23,"column":12},"end":{"line":23,"column":32}},"10":{"start":{"line":23,"column":20},"end":{"line":23,"column":32}},"11":{"start":{"line":25,"column":25},"end":{"line":25,"column":64}},"12":{"start":{"line":26,"column":25},"end":{"line":26,"column":35}},"13":{"start":{"line":27,"column":26},"end":{"line":27,"column":55}},"14":{"start":{"line":29,"column":48},"end":{"line":31,"column":54}},"15":{"start":{"line":30,"column":29},"end":{"line":30,"column":62}},"16":{"start":{"line":31,"column":27},"end":{"line":31,"column":52}},"17":{"start":{"line":33,"column":12},"end":{"line":33,"column":37}}},"fnMap":{"0":{"name":"(anonymous_7)","decl":{"start":{"line":12,"column":15},"end":{"line":12,"column":16}},"loc":{"start":{"line":14,"column":7},"end":{"line":39,"column":2}}},"1":{"name":"(anonymous_8)","decl":{"start":{"line":15,"column":10},"end":{"line":15,"column":11}},"loc":{"start":{"line":15,"column":36},"end":{"line":38,"column":3}}},"2":{"name":"(anonymous_9)","decl":{"start":{"line":21,"column":10},"end":{"line":21,"column":17}},"loc":{"start":{"line":21,"column":43},"end":{"line":34,"column":null}}},"3":{"name":"(anonymous_10)","decl":{"start":{"line":21,"column":43},"end":{"line":21,"column":null}},"loc":{"start":{"line":21,"column":43},"end":{"line":34,"column":11}}},"4":{"name":"(anonymous_11)","decl":{"start":{"line":30,"column":22},"end":{"line":30,"column":23}},"loc":{"start":{"line":30,"column":29},"end":{"line":30,"column":62}}},"5":{"name":"(anonymous_12)","decl":{"start":{"line":31,"column":19},"end":{"line":31,"column":20}},"loc":{"start":{"line":31,"column":27},"end":{"line":31,"column":52}}}},"branchMap":{"0":{"loc":{"start":{"line":16,"column":4},"end":{"line":16,"column":31}},"type":"if","locations":[{"start":{"line":16,"column":4},"end":{"line":16,"column":31}}]},"1":{"loc":{"start":{"line":23,"column":12},"end":{"line":23,"column":32}},"type":"if","locations":[{"start":{"line":23,"column":12},"end":{"line":23,"column":32}}]}},"s":{"0":1,"1":1,"2":1,"3":5,"4":5,"5":1,"6":4,"7":2,"8":2,"9":2,"10":1,"11":1,"12":1,"13":1,"14":1,"15":3,"16":2,"17":1},"f":{"0":5,"1":5,"2":2,"3":2,"4":3,"5":2},"b":{"0":[1],"1":[1]}}
}
