TN:
SF:src\index.ts
FN:34,fetchActiveTagTitles
FN:53,onStart
FN:62,(anonymous_11)
FN:62,(anonymous_12)
FNF:4
FNH:4
FNDA:4,fetchActiveTagTitles
FNDA:4,onStart
FNDA:2,(anonymous_11)
FNDA:2,(anonymous_12)
DA:1,1
DA:2,1
DA:4,1
DA:5,1
DA:6,1
DA:8,1
DA:34,1
DA:35,4
DA:37,4
DA:38,4
DA:40,4
DA:41,4
DA:42,4
DA:45,4
DA:46,4
DA:49,4
DA:50,4
DA:53,1
DA:54,4
DA:55,8
DA:56,8
DA:59,4
DA:60,8
DA:62,2
DA:63,2
DA:64,1
DA:71,1
LF:27
LH:27
BRDA:46,0,0,2
BRDA:63,1,0,1
BRF:2
BRH:2
end_of_record
TN:
SF:src\content-scripts\tag-suggestions-cm5.ts
FN:12,(anonymous_7)
FN:15,(anonymous_8)
FN:21,(anonymous_9)
FN:21,(anonymous_10)
FN:30,(anonymous_11)
FN:31,(anonymous_12)
FNF:6
FNH:6
FNDA:5,(anonymous_7)
FNDA:5,(anonymous_8)
FNDA:2,(anonymous_9)
FNDA:2,(anonymous_10)
FNDA:3,(anonymous_11)
FNDA:2,(anonymous_12)
DA:1,1
DA:3,1
DA:12,1
DA:14,5
DA:16,5
DA:18,4
DA:21,2
DA:22,2
DA:23,2
DA:25,1
DA:26,1
DA:27,1
DA:29,1
DA:30,3
DA:31,2
DA:33,1
LF:16
LH:16
BRDA:16,0,0,1
BRDA:23,1,0,1
BRF:2
BRH:2
end_of_record
TN:
SF:src\content-scripts\tag-suggestions-cm6.ts
FN:12,(anonymous_7)
FN:15,(anonymous_8)
FN:21,(anonymous_9)
FN:21,(anonymous_10)
FN:30,(anonymous_11)
FN:31,(anonymous_12)
FNF:6
FNH:6
FNDA:5,(anonymous_7)
FNDA:5,(anonymous_8)
FNDA:2,(anonymous_9)
FNDA:2,(anonymous_10)
FNDA:3,(anonymous_11)
FNDA:2,(anonymous_12)
DA:1,1
DA:3,1
DA:12,1
DA:14,5
DA:16,5
DA:18,4
DA:21,2
DA:22,2
DA:23,2
DA:25,1
DA:26,1
DA:27,1
DA:29,1
DA:30,3
DA:31,2
DA:33,1
LF:16
LH:16
BRDA:16,0,0,1
BRDA:23,1,0,1
BRF:2
BRH:2
end_of_record
