<?xml version="1.0" encoding="UTF-8"?>
<coverage generated="1748304427139" clover="3.2.0">
  <project timestamp="1748304427139" name="All files">
    <metrics statements="49" coveredstatements="49" conditionals="10" coveredconditionals="10" methods="13" coveredmethods="13" elements="72" coveredelements="72" complexity="0" loc="49" ncloc="49" packages="2" files="2" classes="2"/>
    <package name="dist.webview">
      <metrics statements="1" coveredstatements="1" conditionals="4" coveredconditionals="4" methods="3" coveredmethods="3"/>
      <file name="webview.js" path="D:\Documents\Projects\joplin-plugins\text-case-formatter\dist\webview\webview.js">
        <metrics statements="1" coveredstatements="1" conditionals="4" coveredconditionals="4" methods="3" coveredmethods="3"/>
        <line num="1" count="12" type="cond" truecount="4" falsecount="0"/>
      </file>
    </package>
    <package name="src">
      <metrics statements="48" coveredstatements="48" conditionals="6" coveredconditionals="6" methods="10" coveredmethods="10"/>
      <file name="index.ts" path="D:\Documents\Projects\joplin-plugins\text-case-formatter\src\index.ts">
        <metrics statements="48" coveredstatements="48" conditionals="6" coveredconditionals="6" methods="10" coveredmethods="10"/>
        <line num="1" count="2" type="stmt"/>
        <line num="2" count="2" type="stmt"/>
        <line num="4" count="2" type="stmt"/>
        <line num="5" count="2" type="stmt"/>
        <line num="6" count="2" type="stmt"/>
        <line num="8" count="2" type="stmt"/>
        <line num="9" count="2" type="stmt"/>
        <line num="10" count="2" type="stmt"/>
        <line num="12" count="2" type="stmt"/>
        <line num="13" count="2" type="stmt"/>
        <line num="14" count="2" type="stmt"/>
        <line num="20" count="2" type="stmt"/>
        <line num="21" count="6" type="stmt"/>
        <line num="25" count="2" type="stmt"/>
        <line num="26" count="2" type="stmt"/>
        <line num="29" count="2" type="cond" truecount="1" falsecount="0"/>
        <line num="30" count="1" type="stmt"/>
        <line num="38" count="6" type="stmt"/>
        <line num="42" count="1" type="stmt"/>
        <line num="43" count="1" type="stmt"/>
        <line num="46" count="1" type="cond" truecount="1" falsecount="0"/>
        <line num="47" count="1" type="stmt"/>
        <line num="55" count="6" type="stmt"/>
        <line num="59" count="1" type="stmt"/>
        <line num="60" count="1" type="stmt"/>
        <line num="63" count="1" type="cond" truecount="1" falsecount="0"/>
        <line num="64" count="1" type="stmt"/>
        <line num="66" count="3" type="stmt"/>
        <line num="68" count="1" type="stmt"/>
        <line num="73" count="6" type="stmt"/>
        <line num="75" count="6" type="stmt"/>
        <line num="86" count="6" type="stmt"/>
        <line num="87" count="6" type="stmt"/>
        <line num="88" count="6" type="stmt"/>
        <line num="90" count="6" type="stmt"/>
        <line num="92" count="3" type="stmt"/>
        <line num="93" count="3" type="cond" truecount="3" falsecount="0"/>
        <line num="95" count="1" type="stmt"/>
        <line num="96" count="1" type="stmt"/>
        <line num="97" count="1" type="stmt"/>
        <line num="99" count="1" type="stmt"/>
        <line num="100" count="1" type="stmt"/>
        <line num="101" count="1" type="stmt"/>
        <line num="103" count="1" type="stmt"/>
        <line num="106" count="1" type="stmt"/>
        <line num="107" count="1" type="stmt"/>
        <line num="112" count="6" type="stmt"/>
        <line num="115" count="2" type="stmt"/>
      </file>
    </package>
  </project>
</coverage>
