{"D:\\Documents\\Projects\\joplin-plugins\\text-case-formatter\\dist\\webview\\webview.js": {"path":"D:\\Documents\\Projects\\joplin-plugins\\text-case-formatter\\dist\\webview\\webview.js","statementMap":{"0":{"start":{"line":1,"column":0},"end":{"line":1,"column":617}},"1":{"start":{"line":1,"column":30},"end":{"line":1,"column":56}},"2":{"start":{"line":1,"column":57},"end":{"line":1,"column":493}},"3":{"start":{"line":1,"column":97},"end":{"line":1,"column":416}},"4":{"start":{"line":1,"column":204},"end":{"line":1,"column":336}},"5":{"start":{"line":1,"column":208},"end":{"line":1,"column":249}},"6":{"start":{"line":1,"column":259},"end":{"line":1,"column":335}},"7":{"start":{"line":1,"column":341},"end":{"line":1,"column":416}},"8":{"start":{"line":1,"column":494},"end":{"line":1,"column":612}}},"fnMap":{"0":{"name":"(anonymous_0)","decl":{"start":{"line":1,"column":1},"end":{"line":1,"column":2}},"loc":{"start":{"line":1,"column":5},"end":{"line":1,"column":613}},"line":1},"1":{"name":"e","decl":{"start":{"line":1,"column":15},"end":{"line":1,"column":16}},"loc":{"start":{"line":1,"column":21},"end":{"line":1,"column":494}},"line":1},"2":{"name":"(anonymous_2)","decl":{"start":{"line":1,"column":87},"end":{"line":1,"column":88}},"loc":{"start":{"line":1,"column":96},"end":{"line":1,"column":417}},"line":1}},"branchMap":{"0":{"loc":{"start":{"line":1,"column":57},"end":{"line":1,"column":493}},"type":"cond-expr","locations":[{"start":{"line":1,"column":59},"end":{"line":1,"column":419}},{"start":{"line":1,"column":420},"end":{"line":1,"column":493}}],"line":1},"1":{"loc":{"start":{"line":1,"column":97},"end":{"line":1,"column":416}},"type":"if","locations":[{"start":{"line":1,"column":97},"end":{"line":1,"column":416}},{"start":{"line":1,"column":341},"end":{"line":1,"column":416}}],"line":1}},"s":{"0":4,"1":12,"2":12,"3":3,"4":2,"5":2,"6":1,"7":1,"8":4},"f":{"0":4,"1":12,"2":3},"b":{"0":[3,9],"1":[2,1]},"inputSourceMap":null,"_coverageSchema":"1a1c01bbd47fc00a2c39e90264f33305004495a9","hash":"0ea8a431a2403a80b7a6bc8204db13cb63100f1d"}
,"D:\\Documents\\Projects\\joplin-plugins\\text-case-formatter\\src\\index.ts": {"path":"D:\\Documents\\Projects\\joplin-plugins\\text-case-formatter\\src\\index.ts","statementMap":{"0":{"start":{"line":1,"column":0},"end":{"line":1,"column":25}},"1":{"start":{"line":2,"column":0},"end":{"line":2,"column":29}},"2":{"start":{"line":4,"column":13},"end":{"line":4,"column":40}},"3":{"start":{"line":5,"column":13},"end":{"line":5,"column":48}},"4":{"start":{"line":6,"column":13},"end":{"line":6,"column":50}},"5":{"start":{"line":8,"column":13},"end":{"line":8,"column":55}},"6":{"start":{"line":9,"column":13},"end":{"line":9,"column":55}},"7":{"start":{"line":10,"column":13},"end":{"line":10,"column":62}},"8":{"start":{"line":12,"column":13},"end":{"line":12,"column":47}},"9":{"start":{"line":13,"column":13},"end":{"line":13,"column":47}},"10":{"start":{"line":14,"column":13},"end":{"line":14,"column":49}},"11":{"start":{"line":21,"column":2},"end":{"line":36,"column":5}},"12":{"start":{"line":25,"column":24},"end":{"line":35,"column":null}},"13":{"start":{"line":26,"column":25},"end":{"line":27,"column":null}},"14":{"start":{"line":29,"column":6},"end":{"line":34,"column":null}},"15":{"start":{"line":30,"column":8},"end":{"line":33,"column":10}},"16":{"start":{"line":38,"column":2},"end":{"line":53,"column":5}},"17":{"start":{"line":42,"column":24},"end":{"line":52,"column":null}},"18":{"start":{"line":43,"column":25},"end":{"line":44,"column":null}},"19":{"start":{"line":46,"column":6},"end":{"line":51,"column":null}},"20":{"start":{"line":47,"column":8},"end":{"line":50,"column":10}},"21":{"start":{"line":55,"column":2},"end":{"line":71,"column":5}},"22":{"start":{"line":59,"column":24},"end":{"line":70,"column":null}},"23":{"start":{"line":60,"column":25},"end":{"line":61,"column":null}},"24":{"start":{"line":63,"column":6},"end":{"line":69,"column":null}},"25":{"start":{"line":64,"column":23},"end":{"line":66,"column":null}},"26":{"start":{"line":66,"column":20},"end":{"line":66,"column":78}},"27":{"start":{"line":68,"column":8},"end":{"line":68,"column":66}},"28":{"start":{"line":73,"column":18},"end":{"line":73,"column":60}},"29":{"start":{"line":75,"column":2},"end":{"line":84,"column":4}},"30":{"start":{"line":86,"column":2},"end":{"line":86,"column":59}},"31":{"start":{"line":87,"column":2},"end":{"line":87,"column":60}},"32":{"start":{"line":88,"column":2},"end":{"line":88,"column":48}},"33":{"start":{"line":90,"column":2},"end":{"line":110,"column":4}},"34":{"start":{"line":92,"column":39},"end":{"line":109,"column":null}},"35":{"start":{"line":93,"column":6},"end":{"line":108,"column":null}},"36":{"start":{"line":95,"column":10},"end":{"line":95,"column":80}},"37":{"start":{"line":96,"column":10},"end":{"line":96,"column":55}},"38":{"start":{"line":97,"column":10},"end":{"line":97,"column":16}},"39":{"start":{"line":99,"column":10},"end":{"line":99,"column":80}},"40":{"start":{"line":100,"column":10},"end":{"line":100,"column":55}},"41":{"start":{"line":101,"column":10},"end":{"line":101,"column":16}},"42":{"start":{"line":103,"column":10},"end":{"line":105,"column":12}},"43":{"start":{"line":106,"column":10},"end":{"line":106,"column":56}},"44":{"start":{"line":107,"column":10},"end":{"line":107,"column":16}},"45":{"start":{"line":112,"column":2},"end":{"line":112,"column":53}},"46":{"start":{"line":20,"column":0},"end":{"line":20,"column":22}},"47":{"start":{"line":115,"column":0},"end":{"line":117,"column":3}}},"fnMap":{"0":{"name":"onStart","decl":{"start":{"line":20,"column":22},"end":{"line":20,"column":29}},"loc":{"start":{"line":20,"column":29},"end":{"line":113,"column":null}}},"1":{"name":"(anonymous_9)","decl":{"start":{"line":25,"column":13},"end":{"line":25,"column":22}},"loc":{"start":{"line":25,"column":24},"end":{"line":35,"column":null}}},"2":{"name":"(anonymous_10)","decl":{"start":{"line":25,"column":24},"end":{"line":25,"column":null}},"loc":{"start":{"line":25,"column":24},"end":{"line":35,"column":5}}},"3":{"name":"(anonymous_11)","decl":{"start":{"line":42,"column":13},"end":{"line":42,"column":22}},"loc":{"start":{"line":42,"column":24},"end":{"line":52,"column":null}}},"4":{"name":"(anonymous_12)","decl":{"start":{"line":42,"column":24},"end":{"line":42,"column":null}},"loc":{"start":{"line":42,"column":24},"end":{"line":52,"column":5}}},"5":{"name":"(anonymous_13)","decl":{"start":{"line":59,"column":13},"end":{"line":59,"column":22}},"loc":{"start":{"line":59,"column":24},"end":{"line":70,"column":null}}},"6":{"name":"(anonymous_14)","decl":{"start":{"line":59,"column":24},"end":{"line":59,"column":null}},"loc":{"start":{"line":59,"column":24},"end":{"line":70,"column":5}}},"7":{"name":"(anonymous_15)","decl":{"start":{"line":66,"column":10},"end":{"line":66,"column":11}},"loc":{"start":{"line":66,"column":20},"end":{"line":66,"column":78}}},"8":{"name":"(anonymous_16)","decl":{"start":{"line":92,"column":4},"end":{"line":92,"column":11}},"loc":{"start":{"line":92,"column":39},"end":{"line":109,"column":null}}},"9":{"name":"(anonymous_17)","decl":{"start":{"line":92,"column":39},"end":{"line":92,"column":null}},"loc":{"start":{"line":92,"column":39},"end":{"line":109,"column":5}}}},"branchMap":{"0":{"loc":{"start":{"line":29,"column":6},"end":{"line":34,"column":null}},"type":"if","locations":[{"start":{"line":29,"column":6},"end":{"line":34,"column":null}}]},"1":{"loc":{"start":{"line":46,"column":6},"end":{"line":51,"column":null}},"type":"if","locations":[{"start":{"line":46,"column":6},"end":{"line":51,"column":null}}]},"2":{"loc":{"start":{"line":63,"column":6},"end":{"line":69,"column":null}},"type":"if","locations":[{"start":{"line":63,"column":6},"end":{"line":69,"column":null}}]},"3":{"loc":{"start":{"line":93,"column":6},"end":{"line":108,"column":null}},"type":"switch","locations":[{"start":{"line":94,"column":8},"end":{"line":97,"column":16}},{"start":{"line":98,"column":8},"end":{"line":101,"column":16}},{"start":{"line":102,"column":8},"end":{"line":107,"column":16}}]}},"s":{"0":2,"1":2,"2":2,"3":2,"4":2,"5":2,"6":2,"7":2,"8":2,"9":2,"10":2,"11":6,"12":2,"13":2,"14":2,"15":1,"16":6,"17":1,"18":1,"19":1,"20":1,"21":6,"22":1,"23":1,"24":1,"25":1,"26":3,"27":1,"28":6,"29":6,"30":6,"31":6,"32":6,"33":6,"34":3,"35":3,"36":1,"37":1,"38":1,"39":1,"40":1,"41":1,"42":1,"43":1,"44":1,"45":6,"46":2,"47":2},"f":{"0":6,"1":2,"2":2,"3":1,"4":1,"5":1,"6":1,"7":3,"8":3,"9":3},"b":{"0":[1],"1":[1],"2":[1],"3":[1,1,1]}}
}
