TN:
SF:dist\webview\webview.js
FN:1,(anonymous_0)
FN:1,e
FN:1,(anonymous_2)
FNF:3
FNH:3
FNDA:4,(anonymous_0)
FNDA:12,e
FNDA:3,(anonymous_2)
DA:1,12
LF:1
LH:1
BRDA:1,0,0,3
BRDA:1,0,1,9
BRDA:1,1,0,2
BRDA:1,1,1,1
BRF:4
BRH:4
end_of_record
TN:
SF:src\index.ts
FN:20,onStart
FN:25,(anonymous_9)
FN:25,(anonymous_10)
FN:42,(anonymous_11)
FN:42,(anonymous_12)
FN:59,(anonymous_13)
FN:59,(anonymous_14)
FN:66,(anonymous_15)
FN:92,(anonymous_16)
FN:92,(anonymous_17)
FNF:10
FNH:10
FNDA:6,onStart
FNDA:2,(anonymous_9)
FNDA:2,(anonymous_10)
FNDA:1,(anonymous_11)
FNDA:1,(anonymous_12)
FNDA:1,(anonymous_13)
FNDA:1,(anonymous_14)
FNDA:3,(anonymous_15)
FNDA:3,(anonymous_16)
FNDA:3,(anonymous_17)
DA:1,2
DA:2,2
DA:4,2
DA:5,2
DA:6,2
DA:8,2
DA:9,2
DA:10,2
DA:12,2
DA:13,2
DA:14,2
DA:20,2
DA:21,6
DA:25,2
DA:26,2
DA:29,2
DA:30,1
DA:38,6
DA:42,1
DA:43,1
DA:46,1
DA:47,1
DA:55,6
DA:59,1
DA:60,1
DA:63,1
DA:64,1
DA:66,3
DA:68,1
DA:73,6
DA:75,6
DA:86,6
DA:87,6
DA:88,6
DA:90,6
DA:92,3
DA:93,3
DA:95,1
DA:96,1
DA:97,1
DA:99,1
DA:100,1
DA:101,1
DA:103,1
DA:106,1
DA:107,1
DA:112,6
DA:115,2
LF:48
LH:48
BRDA:29,0,0,1
BRDA:46,1,0,1
BRDA:63,2,0,1
BRDA:93,3,0,1
BRDA:93,3,1,1
BRDA:93,3,2,1
BRF:6
BRH:6
end_of_record
